<?xml version="1.0" encoding="UTF-8"?>
<testsuite xmlns:xsi="http://www.w3.org/2001/XMLSchema-instance" xsi:noNamespaceSchemaLocation="https://maven.apache.org/surefire/maven-surefire-plugin/xsd/surefire-test-report.xsd" name="com.darwish.nppsim.AppTest" time="0.026" tests="1" errors="0" skipped="0" failures="0">
  <properties>
    <property name="sun.desktop" value="gnome"/>
    <property name="awt.toolkit" value="sun.awt.X11.XToolkit"/>
    <property name="java.specification.version" value="11"/>
    <property name="sun.cpu.isalist" value=""/>
    <property name="sun.jnu.encoding" value="UTF-8"/>
    <property name="java.class.path" value="/mnt/Storage/Projects/Java/RBMK-1500-Simulator/target/test-classes:/mnt/Storage/Projects/Java/RBMK-1500-Simulator/target/classes:/home/ali/.m2/repository/org/apache/commons/commons-lang3/3.12.0/commons-lang3-3.12.0.jar:/home/ali/.m2/repository/org/jfree/jfreechart/1.5.4/jfreechart-1.5.4.jar:/home/ali/.m2/repository/org/netbeans/modules/org-netbeans-swing-laf-dark/RELEASE170/org-netbeans-swing-laf-dark-RELEASE170.jar:/home/ali/.m2/repository/org/netbeans/api/org-openide-modules/RELEASE170/org-openide-modules-RELEASE170.jar:/home/ali/.m2/repository/org/netbeans/api/org-openide-util-ui/RELEASE170/org-openide-util-ui-RELEASE170.jar:/home/ali/.m2/repository/org/netbeans/api/org-openide-util/RELEASE170/org-openide-util-RELEASE170.jar:/home/ali/.m2/repository/org/netbeans/api/org-openide-util-lookup/RELEASE170/org-openide-util-lookup-RELEASE170.jar:/home/ali/.m2/repository/org/netbeans/api/org-openide-windows/RELEASE170/org-openide-windows-RELEASE170.jar:/home/ali/.m2/repository/org/netbeans/api/org-openide-awt/RELEASE170/org-openide-awt-RELEASE170.jar:/home/ali/.m2/repository/org/netbeans/api/org-netbeans-api-annotations-common/RELEASE170/org-netbeans-api-annotations-common-RELEASE170.jar:/home/ali/.m2/repository/org/netbeans/api/org-openide-filesystems/RELEASE170/org-openide-filesystems-RELEASE170.jar:/home/ali/.m2/repository/org/netbeans/api/org-openide-nodes/RELEASE170/org-openide-nodes-RELEASE170.jar:/home/ali/.m2/repository/org/netbeans/api/org-openide-dialogs/RELEASE170/org-openide-dialogs-RELEASE170.jar:/home/ali/.m2/repository/org/netbeans/api/org-netbeans-api-progress/RELEASE170/org-netbeans-api-progress-RELEASE170.jar:/home/ali/.m2/repository/org/netbeans/api/org-netbeans-api-progress-nb/RELEASE170/org-netbeans-api-progress-nb-RELEASE170.jar:/home/ali/.m2/repository/eu/hansolo/SteelSeries/3.9.30/SteelSeries-3.9.30.jar:/home/ali/.m2/repository/com/github/insubstantial/trident/6.3/trident-6.3.jar:/home/ali/.m2/repository/org/swinglabs/swingx/1.6.1/swingx-1.6.1.jar:/home/ali/.m2/repository/com/jhlabs/filters/2.0.235/filters-2.0.235.jar:/home/ali/.m2/repository/org/swinglabs/swing-worker/1.1/swing-worker-1.1.jar:/home/ali/.m2/repository/org/json/json/20230227/json-20230227.jar:/home/ali/.m2/repository/junit/junit/4.11/junit-4.11.jar:/home/ali/.m2/repository/org/hamcrest/hamcrest-core/1.3/hamcrest-core-1.3.jar:/home/ali/.m2/repository/org/netbeans/external/AbsoluteLayout/RELEASE170/AbsoluteLayout-RELEASE170.jar:"/>
    <property name="java.vm.vendor" value="Ubuntu"/>
    <property name="sun.arch.data.model" value="64"/>
    <property name="java.vendor.url" value="https://ubuntu.com/"/>
    <property name="user.timezone" value=""/>
    <property name="java.vm.specification.version" value="11"/>
    <property name="os.name" value="Linux"/>
    <property name="user.country" value="ZW"/>
    <property name="sun.java.launcher" value="SUN_STANDARD"/>
    <property name="sun.boot.library.path" value="/usr/lib/jvm/java-11-openjdk-amd64/lib"/>
    <property name="sun.java.command" value="/mnt/Storage/Projects/Java/RBMK-1500-Simulator/target/surefire/surefirebooter3965848228556294418.jar /mnt/Storage/Projects/Java/RBMK-1500-Simulator/target/surefire 2023-07-11T04-27-08_479-jvmRun1 surefire3052314109983097919tmp surefire_07393424621422078323tmp"/>
    <property name="jdk.debug" value="release"/>
    <property name="surefire.test.class.path" value="/mnt/Storage/Projects/Java/RBMK-1500-Simulator/target/test-classes:/mnt/Storage/Projects/Java/RBMK-1500-Simulator/target/classes:/home/ali/.m2/repository/org/apache/commons/commons-lang3/3.12.0/commons-lang3-3.12.0.jar:/home/ali/.m2/repository/org/jfree/jfreechart/1.5.4/jfreechart-1.5.4.jar:/home/ali/.m2/repository/org/netbeans/modules/org-netbeans-swing-laf-dark/RELEASE170/org-netbeans-swing-laf-dark-RELEASE170.jar:/home/ali/.m2/repository/org/netbeans/api/org-openide-modules/RELEASE170/org-openide-modules-RELEASE170.jar:/home/ali/.m2/repository/org/netbeans/api/org-openide-util-ui/RELEASE170/org-openide-util-ui-RELEASE170.jar:/home/ali/.m2/repository/org/netbeans/api/org-openide-util/RELEASE170/org-openide-util-RELEASE170.jar:/home/ali/.m2/repository/org/netbeans/api/org-openide-util-lookup/RELEASE170/org-openide-util-lookup-RELEASE170.jar:/home/ali/.m2/repository/org/netbeans/api/org-openide-windows/RELEASE170/org-openide-windows-RELEASE170.jar:/home/ali/.m2/repository/org/netbeans/api/org-openide-awt/RELEASE170/org-openide-awt-RELEASE170.jar:/home/ali/.m2/repository/org/netbeans/api/org-netbeans-api-annotations-common/RELEASE170/org-netbeans-api-annotations-common-RELEASE170.jar:/home/ali/.m2/repository/org/netbeans/api/org-openide-filesystems/RELEASE170/org-openide-filesystems-RELEASE170.jar:/home/ali/.m2/repository/org/netbeans/api/org-openide-nodes/RELEASE170/org-openide-nodes-RELEASE170.jar:/home/ali/.m2/repository/org/netbeans/api/org-openide-dialogs/RELEASE170/org-openide-dialogs-RELEASE170.jar:/home/ali/.m2/repository/org/netbeans/api/org-netbeans-api-progress/RELEASE170/org-netbeans-api-progress-RELEASE170.jar:/home/ali/.m2/repository/org/netbeans/api/org-netbeans-api-progress-nb/RELEASE170/org-netbeans-api-progress-nb-RELEASE170.jar:/home/ali/.m2/repository/eu/hansolo/SteelSeries/3.9.30/SteelSeries-3.9.30.jar:/home/ali/.m2/repository/com/github/insubstantial/trident/6.3/trident-6.3.jar:/home/ali/.m2/repository/org/swinglabs/swingx/1.6.1/swingx-1.6.1.jar:/home/ali/.m2/repository/com/jhlabs/filters/2.0.235/filters-2.0.235.jar:/home/ali/.m2/repository/org/swinglabs/swing-worker/1.1/swing-worker-1.1.jar:/home/ali/.m2/repository/org/json/json/20230227/json-20230227.jar:/home/ali/.m2/repository/junit/junit/4.11/junit-4.11.jar:/home/ali/.m2/repository/org/hamcrest/hamcrest-core/1.3/hamcrest-core-1.3.jar:/home/ali/.m2/repository/org/netbeans/external/AbsoluteLayout/RELEASE170/AbsoluteLayout-RELEASE170.jar:"/>
    <property name="sun.cpu.endian" value="little"/>
    <property name="user.home" value="/home/ali"/>
    <property name="user.language" value="en"/>
    <property name="java.specification.vendor" value="Oracle Corporation"/>
    <property name="java.version.date" value="2023-04-18"/>
    <property name="java.home" value="/usr/lib/jvm/java-11-openjdk-amd64"/>
    <property name="file.separator" value="/"/>
    <property name="basedir" value="/mnt/Storage/Projects/Java/RBMK-1500-Simulator"/>
    <property name="java.vm.compressedOopsMode" value="Zero based"/>
    <property name="line.separator" value="&#10;"/>
    <property name="java.specification.name" value="Java Platform API Specification"/>
    <property name="java.vm.specification.vendor" value="Oracle Corporation"/>
    <property name="java.awt.graphicsenv" value="sun.awt.X11GraphicsEnvironment"/>
    <property name="surefire.real.class.path" value="/mnt/Storage/Projects/Java/RBMK-1500-Simulator/target/surefire/surefirebooter3965848228556294418.jar"/>
    <property name="sun.management.compiler" value="HotSpot 64-Bit Tiered Compilers"/>
    <property name="java.runtime.version" value="11.0.19+7-post-Ubuntu-0ubuntu122.04.1"/>
    <property name="user.name" value="ali"/>
    <property name="path.separator" value=":"/>
    <property name="os.version" value="6.2.6-76060206-generic"/>
    <property name="java.runtime.name" value="OpenJDK Runtime Environment"/>
    <property name="file.encoding" value="UTF-8"/>
    <property name="java.vm.name" value="OpenJDK 64-Bit Server VM"/>
    <property name="maven.ext.class.path" value="/usr/lib/apache-netbeans/java/maven-nblib/netbeans-eventspy.jar"/>
    <property name="localRepository" value="/home/ali/.m2/repository"/>
    <property name="java.vendor.url.bug" value="https://bugs.launchpad.net/ubuntu/+source/openjdk-lts"/>
    <property name="java.io.tmpdir" value="/tmp"/>
    <property name="java.version" value="11.0.19"/>
    <property name="user.dir" value="/mnt/Storage/Projects/Java/RBMK-1500-Simulator"/>
    <property name="os.arch" value="amd64"/>
    <property name="java.vm.specification.name" value="Java Virtual Machine Specification"/>
    <property name="java.awt.printerjob" value="sun.print.PSPrinterJob"/>
    <property name="sun.os.patch.level" value="unknown"/>
    <property name="java.library.path" value="/usr/java/packages/lib:/usr/lib/x86_64-linux-gnu/jni:/lib/x86_64-linux-gnu:/usr/lib/x86_64-linux-gnu:/usr/lib/jni:/lib:/usr/lib"/>
    <property name="java.vm.info" value="mixed mode, sharing"/>
    <property name="java.vendor" value="Ubuntu"/>
    <property name="java.vm.version" value="11.0.19+7-post-Ubuntu-0ubuntu122.04.1"/>
    <property name="sun.io.unicode.encoding" value="UnicodeLittle"/>
    <property name="java.class.version" value="55.0"/>
  </properties>
  <testcase name="shouldAnswerWithTrue" classname="com.darwish.nppsim.AppTest" time="0.001"/>
</testsuite>